<?xml version="1.0" encoding="UTF-8"?>
<!-- Generated by org.testng.reporters.JUnitReportReporter -->
<testsuite skipped="0" hostname="preyas-r" name="com.restassured.example.test.CreateUserTest" tests="1" failures="0" timestamp="17 May 2022 11:45:50 GMT" time="2.249" errors="0">
  <testcase name="testUserCreation" time="2.249" classname="com.restassured.example.test.CreateUserTest"/>
</testsuite> <!-- com.restassured.example.test.CreateUserTest -->
