<?xml version="1.0" encoding="UTF-8"?>
<!-- Generated by org.testng.reporters.JUnitReportReporter -->
<testsuite skipped="0" hostname="preyas-r" name="com.restassured.example.test.GetUserTest" tests="1" failures="0" timestamp="17 May 2022 11:46:55 GMT" time="3.958" errors="0">
  <testcase name="testUserRetrieval" time="3.958" classname="com.restassured.example.test.GetUserTest"/>
</testsuite> <!-- com.restassured.example.test.GetUserTest -->
